[ERROR] 2013-08-27 08:36:37,511 com.vg.scfc.financing.cis.interceptor.ClientInfoInterceptorUtil logTrailNow - java.lang.NullPointerException
	com.vg.scfc.financing.cis.ent.Employment.getStation(Employment.java:167)
	com.vg.scfc.financing.cis.interceptor.ClientInfoInterceptorUtil.logTrailNow(ClientInfoInterceptorUtil.java:45)
	com.vg.scfc.financing.cis.interceptor.ClientInfoInterceptor.postFlush(ClientInfoInterceptor.java:100)
	org.hibernate.event.def.AbstractFlushingEventListener.postFlush(AbstractFlushingEventListener.java:352)
	org.hibernate.event.def.DefaultFlushEventListener.onFlush(DefaultFlushEventListener.java:28)
	org.hibernate.impl.SessionImpl.flush(SessionImpl.java:1000)
	org.hibernate.impl.SessionImpl.managedFlush(SessionImpl.java:338)
	org.hibernate.transaction.JDBCTransaction.commit(JDBCTransaction.java:106)
	com.vg.scfc.financing.cis.entmgr.EmploymentManager.update(EmploymentManager.java:65)
	com.vg.scfc.financing.cis.servicemgr.EmploymentServiceManager.update(EmploymentServiceManager.java:44)
	sun.reflect.NativeMethodAccessorImpl.invoke0(Native Method)
	sun.reflect.NativeMethodAccessorImpl.invoke(NativeMethodAccessorImpl.java:57)
	sun.reflect.DelegatingMethodAccessorImpl.invoke(DelegatingMethodAccessorImpl.java:43)
	java.lang.reflect.Method.invoke(Method.java:606)
	sun.rmi.server.UnicastServerRef.dispatch(UnicastServerRef.java:322)
	sun.rmi.transport.Transport$1.run(Transport.java:177)
	sun.rmi.transport.Transport$1.run(Transport.java:174)
	java.security.AccessController.doPrivileged(Native Method)
	sun.rmi.transport.Transport.serviceCall(Transport.java:173)
	sun.rmi.transport.tcp.TCPTransport.handleMessages(TCPTransport.java:553)
	sun.rmi.transport.tcp.TCPTransport$ConnectionHandler.run0(TCPTransport.java:808)
	sun.rmi.transport.tcp.TCPTransport$ConnectionHandler.run(TCPTransport.java:667)
	java.util.concurrent.ThreadPoolExecutor.runWorker(ThreadPoolExecutor.java:1145)
	java.util.concurrent.ThreadPoolExecutor$Worker.run(ThreadPoolExecutor.java:615)
	java.lang.Thread.run(Thread.java:724)

[ERROR] 2013-08-27 08:36:37,514 com.vg.scfc.financing.cis.interceptor.ClientInfoInterceptorUtil logLiveUpdateNow - java.lang.NullPointerException
	com.vg.scfc.financing.cis.interceptor.ClientInfoInterceptorUtil.logLiveUpdateNow(ClientInfoInterceptorUtil.java:86)
	com.vg.scfc.financing.cis.interceptor.ClientInfoInterceptor.postFlush(ClientInfoInterceptor.java:103)
	org.hibernate.event.def.AbstractFlushingEventListener.postFlush(AbstractFlushingEventListener.java:352)
	org.hibernate.event.def.DefaultFlushEventListener.onFlush(DefaultFlushEventListener.java:28)
	org.hibernate.impl.SessionImpl.flush(SessionImpl.java:1000)
	org.hibernate.impl.SessionImpl.managedFlush(SessionImpl.java:338)
	org.hibernate.transaction.JDBCTransaction.commit(JDBCTransaction.java:106)
	com.vg.scfc.financing.cis.entmgr.EmploymentManager.update(EmploymentManager.java:65)
	com.vg.scfc.financing.cis.servicemgr.EmploymentServiceManager.update(EmploymentServiceManager.java:44)
	sun.reflect.NativeMethodAccessorImpl.invoke0(Native Method)
	sun.reflect.NativeMethodAccessorImpl.invoke(NativeMethodAccessorImpl.java:57)
	sun.reflect.DelegatingMethodAccessorImpl.invoke(DelegatingMethodAccessorImpl.java:43)
	java.lang.reflect.Method.invoke(Method.java:606)
	sun.rmi.server.UnicastServerRef.dispatch(UnicastServerRef.java:322)
	sun.rmi.transport.Transport$1.run(Transport.java:177)
	sun.rmi.transport.Transport$1.run(Transport.java:174)
	java.security.AccessController.doPrivileged(Native Method)
	sun.rmi.transport.Transport.serviceCall(Transport.java:173)
	sun.rmi.transport.tcp.TCPTransport.handleMessages(TCPTransport.java:553)
	sun.rmi.transport.tcp.TCPTransport$ConnectionHandler.run0(TCPTransport.java:808)
	sun.rmi.transport.tcp.TCPTransport$ConnectionHandler.run(TCPTransport.java:667)
	java.util.concurrent.ThreadPoolExecutor.runWorker(ThreadPoolExecutor.java:1145)
	java.util.concurrent.ThreadPoolExecutor$Worker.run(ThreadPoolExecutor.java:615)
	java.lang.Thread.run(Thread.java:724)

