[ERROR] 2013-08-13 08:51:27,130 com.vg.scfc.financing.cis.ui.controller.SearchController log - java.lang.NullPointerException
	com.vg.scfc.financing.cis.ui.controller.SearchController.findAll(SearchController.java:35)
	com.vg.scfc.financing.cis.ui.panel.SearchPanel.startUpSetUp(SearchPanel.java:36)
	com.vg.scfc.financing.cis.ui.panel.SearchPanel.<init>(SearchPanel.java:30)
	com.vg.scfc.financing.cis.ui.frames.TestFrame.initComponents(TestFrame.java:30)
	com.vg.scfc.financing.cis.ui.frames.TestFrame.<init>(TestFrame.java:18)
	com.vg.scfc.financing.cis.ui.frames.TestClass.main(TestClass.java:14)

[ERROR] 2013-08-13 08:53:13,750 com.vg.scfc.financing.cis.ui.controller.SearchController log - java.lang.NullPointerException
	com.vg.scfc.financing.cis.ui.controller.SearchController.findAll(SearchController.java:35)
	com.vg.scfc.financing.cis.ui.panel.SearchPanel.startUpSetUp(SearchPanel.java:36)
	com.vg.scfc.financing.cis.ui.panel.SearchPanel.<init>(SearchPanel.java:30)
	com.vg.scfc.financing.cis.ui.frames.TestFrame.initComponents(TestFrame.java:30)
	com.vg.scfc.financing.cis.ui.frames.TestFrame.<init>(TestFrame.java:18)
	com.vg.scfc.financing.cis.ui.frames.TestClass.main(TestClass.java:14)

[ERROR] 2013-08-13 08:56:26,799 com.vg.scfc.financing.cis.ui.controller.SearchController log - java.lang.NullPointerException
	com.vg.scfc.financing.cis.ui.controller.SearchController.findAll(SearchController.java:35)
	com.vg.scfc.financing.cis.ui.panel.SearchPanel.startUpSetUp(SearchPanel.java:36)
	com.vg.scfc.financing.cis.ui.panel.SearchPanel.<init>(SearchPanel.java:30)
	com.vg.scfc.financing.cis.ui.frames.TestFrame.initComponents(TestFrame.java:30)
	com.vg.scfc.financing.cis.ui.frames.TestFrame.<init>(TestFrame.java:18)
	com.vg.scfc.financing.cis.ui.frames.TestClass.main(TestClass.java:14)

[ERROR] 2013-08-13 09:03:37,597 com.vg.scfc.financing.cis.ui.controller.SearchController log - java.lang.NullPointerException
	com.vg.scfc.financing.cis.ui.controller.SearchController.findAll(SearchController.java:35)
	com.vg.scfc.financing.cis.ui.panel.SearchPanel.startUpSetUp(SearchPanel.java:36)
	com.vg.scfc.financing.cis.ui.panel.SearchPanel.<init>(SearchPanel.java:30)
	com.vg.scfc.financing.cis.ui.frames.TestFrame.initComponents(TestFrame.java:30)
	com.vg.scfc.financing.cis.ui.frames.TestFrame.<init>(TestFrame.java:18)
	com.vg.scfc.financing.cis.ui.frames.TestClass.main(TestClass.java:14)

